<?xml version="1.0" encoding="utf-8"?>
<shfbBuild product="Sandcastle Help File Builder" version="2014.5.31.0" projectFile="C:\Users\kb81.VENTS\Documents\Visual Studio 2012\Projects\MakeDxfTaskAddin\MakeDxfTaskAddin\bin\Debug\ExportDataAddin.Help.shfbproj" started="23.12.2014 8:40:03">
<buildStep step="Initializing">
Finding tools...
The Sandcastle tools are located in &#39;C:\Program Files (x86)\EWSoftware\Sandcastle Help File Builder\&#39;
Searching for HTML Help 1 compiler...
Found HTML Help 1 compiler in &#39;C:\Program Files (x86)\HTML Help Workshop\&#39;
Locating components in the following folder(s):
   C:\Users\kb81.VENTS\Documents\Visual Studio 2012\Projects\MakeDxfTaskAddin\MakeDxfTaskAddin\bin\Debug
Using presentation style &#39;VS2013&#39; located in &#39;C:\Program Files (x86)\EWSoftware\Sandcastle Help File Builder\PresentationStyles\VS2013&#39;
Loading and initializing plug-ins...
Lightweight Website Style Version 2014.5.31.0
Copyright &#169; 2006-2014, Eric Woodruff, All Rights Reserved
Portions Copyright &#169; 2014, Sam Harwell, All Rights Reserved
</buildStep>
<buildStep step="ValidatingDocumentationSources">
Validating and copying documentation source information
Source: C:\Users\kb81.VENTS\Documents\Visual Studio 2012\Projects\MakeDxfTaskAddin\MakeDxfTaskAddin\bin\Debug\ExportDataAddin.dll
    Found assembly &#39;C:\Users\kb81.VENTS\Documents\Visual Studio 2012\Projects\MakeDxfTaskAddin\MakeDxfTaskAddin\bin\Debug\ExportDataAddin.dll&#39;
Source: C:\Users\kb81.VENTS\Documents\Visual Studio 2012\Projects\MakeDxfTaskAddin\MakeDxfTaskAddin\bin\Debug\ExportDataAddin.xml
Source: C:\Users\kb81.VENTS\Documents\Visual Studio 2012\Projects\MakeDxfUpdatePartData\MakeDxfUpdatePartData\bin\Debug\MakeDxfUpdatePartData.dll
    Found assembly &#39;C:\Users\kb81.VENTS\Documents\Visual Studio 2012\Projects\MakeDxfUpdatePartData\MakeDxfUpdatePartData\bin\Debug\MakeDxfUpdatePartData.dll&#39;
Source: C:\Users\kb81.VENTS\Documents\Visual Studio 2012\Projects\MakeDxfUpdatePartData\MakeDxfUpdatePartData\bin\Debug\MakeDxfUpdatePartData.XML

Copying XML comments files
    C:\Users\kb81.VENTS\Documents\Visual Studio 2012\Projects\MakeDxfTaskAddin\MakeDxfTaskAddin\bin\Debug\ExportDataAddin.XML -&gt; C:\Users\kb81.VENTS\Documents\Visual Studio 2012\Projects\MakeDxfTaskAddin\MakeDxfTaskAddin\bin\Debug\Help\Working\ExportDataAddin.XML
    C:\Users\kb81.VENTS\Documents\Visual Studio 2012\Projects\MakeDxfUpdatePartData\MakeDxfUpdatePartData\bin\Debug\MakeDxfUpdatePartData.XML -&gt; C:\Users\kb81.VENTS\Documents\Visual Studio 2012\Projects\MakeDxfTaskAddin\MakeDxfTaskAddin\bin\Debug\Help\Working\MakeDxfUpdatePartData.XML
</buildStep>
<buildStep step="GenerateSharedContent">
Generating shared content files (en-US, Английский (США))...
<plugIn name="Lightweight Website Style" behavior="After" priority="1000">
</plugIn>    Last step completed in 00:00:00.0000
</buildStep>
<buildStep step="GenerateApiFilter">
Generating API filter for MRefBuilder...
    Last step completed in 00:00:00.0000
</buildStep>
<buildStep step="GenerateReflectionInfo">
Generating reflection information...
[C:\Windows\Microsoft.NET\Framework64\v4.0.30319\MSBuild.exe]
Џ&#174;бва&#174;Ґ&#173;ЁҐ &#173;&#160;з&#160;в&#174; 23.12.2014 8:40:04.
Џа&#174;ҐЄв &quot;C:\Users\kb81.VENTS\Documents\Visual Studio 2012\Projects\MakeDxfTaskAddin\MakeDxfTaskAddin\bin\Debug\Help\Working\GenerateRefInfo.proj&quot; ў г&#167;&#171;Ґ 1 (жҐ&#171;ҐўлҐ &#174;ЎкҐЄвл Ї&#174; г&#172;&#174;&#171;з&#160;&#173;Ёо).
PrepareForBuild:
  ‘&#174;&#167;&#164;&#160;&#173;ЁҐ Є&#160;в&#160;&#171;&#174;Ј&#160; &quot;obj\Debug\&quot;.
GenerateRefInfo:
  MRefBuilder (v2014.5.31.0)
  Copyright c 2006-2014, Microsoft Corporation, All Rights Reserved.
  Portions Copyright c 2006-2014, Eric Woodruff, All Rights Reserved.
  Loaded 2 assemblies for reflection and 1 dependency assemblies.
  Wrote information on 2 namespaces, 3 types, and 15 members
  Љ&#174;ЇЁа&#174;ў&#160;&#173;ЁҐ д&#160;&#169;&#171;&#160; Ё&#167; &quot;reflection.org&quot; ў &quot;reflection.all&quot;.
  XslTransform (v2014.5.31.0)
  Copyright c 2006-2014, Microsoft Corporation, All Rights Reserved.
  Portions Copyright c 2006-2014, Eric Woodruff, All Rights Reserved.
  Applying XSL transformation &#39;C:\Program Files (x86)\EWSoftware\Sandcastle Help File Builder\ProductionTransforms\MergeDuplicates.xsl&#39;.
Џ&#174;бва&#174;Ґ&#173;ЁҐ Їа&#174;ҐЄв&#160; &quot;C:\Users\kb81.VENTS\Documents\Visual Studio 2012\Projects\MakeDxfTaskAddin\MakeDxfTaskAddin\bin\Debug\Help\Working\GenerateRefInfo.proj&quot; &#167;&#160;ўҐаиҐ&#173;&#174; (жҐ&#171;ҐўлҐ &#174;ЎкҐЄвл Ї&#174; г&#172;&#174;&#171;з&#160;&#173;Ёо).

Џ&#174;бва&#174;Ґ&#173;ЁҐ гбЇҐи&#173;&#174; &#167;&#160;ўҐаиҐ&#173;&#174;.

‡&#160;ва&#160;зҐ&#173;&#173;&#174;Ґ ўаҐ&#172;п: 00:00:00.74
    Last step completed in 00:00:00.8000
</buildStep>
<buildStep step="TransformReflectionInfo">
Transforming reflection output...
[C:\Windows\Microsoft.NET\Framework64\v4.0.30319\MSBuild.exe]
Џ&#174;бва&#174;Ґ&#173;ЁҐ &#173;&#160;з&#160;в&#174; 23.12.2014 8:40:04.
Џа&#174;ҐЄв &quot;C:\Users\kb81.VENTS\Documents\Visual Studio 2012\Projects\MakeDxfTaskAddin\MakeDxfTaskAddin\bin\Debug\Help\Working\TransformManifest.proj&quot; ў г&#167;&#171;Ґ 1 (жҐ&#171;ҐўлҐ &#174;ЎкҐЄвл Ї&#174; г&#172;&#174;&#171;з&#160;&#173;Ёо).
TransformManifest:
  XslTransform (v2014.5.31.0)
  Copyright c 2006-2014, Microsoft Corporation, All Rights Reserved.
  Portions Copyright c 2006-2014, Eric Woodruff, All Rights Reserved.
  Applying XSL transformation &#39;C:\Program Files (x86)\EWSoftware\Sandcastle Help File Builder\\ProductionTransforms\ApplyVSDocModel.xsl&#39;.
  Љ&#174;ЇЁа&#174;ў&#160;&#173;ЁҐ д&#160;&#169;&#171;&#160; Ё&#167; &quot;reflection.xml&quot; ў &quot;reflection.nofilenames&quot;.
  XslTransform (v2014.5.31.0)
  Copyright c 2006-2014, Microsoft Corporation, All Rights Reserved.
  Portions Copyright c 2006-2014, Eric Woodruff, All Rights Reserved.
  Applying XSL transformation &#39;C:\Program Files (x86)\EWSoftware\Sandcastle Help File Builder\ProductionTransforms\AddFilenames.xsl&#39;.
  XslTransform (v2014.5.31.0)
  Copyright c 2006-2014, Microsoft Corporation, All Rights Reserved.
  Portions Copyright c 2006-2014, Eric Woodruff, All Rights Reserved.
  Applying XSL transformation &#39;C:\Program Files (x86)\EWSoftware\Sandcastle Help File Builder\ProductionTransforms\ReflectionToManifest.xsl&#39;.
Џ&#174;бва&#174;Ґ&#173;ЁҐ Їа&#174;ҐЄв&#160; &quot;C:\Users\kb81.VENTS\Documents\Visual Studio 2012\Projects\MakeDxfTaskAddin\MakeDxfTaskAddin\bin\Debug\Help\Working\TransformManifest.proj&quot; &#167;&#160;ўҐаиҐ&#173;&#174; (жҐ&#171;ҐўлҐ &#174;ЎкҐЄвл Ї&#174; г&#172;&#174;&#171;з&#160;&#173;Ёо).

Џ&#174;бва&#174;Ґ&#173;ЁҐ гбЇҐи&#173;&#174; &#167;&#160;ўҐаиҐ&#173;&#174;.

‡&#160;ва&#160;зҐ&#173;&#173;&#174;Ґ ўаҐ&#172;п: 00:00:00.48
    Last step completed in 00:00:00.5520
</buildStep>
<buildStep step="GenerateNamespaceSummaries">
Generating namespace summary information...
    Last step completed in 00:00:00.0200
</buildStep>
<buildStep step="CopyAdditionalContent">
Copying additional content files...
No additional content to copy
    Last step completed in 00:00:00.0000
</buildStep>
<buildStep step="MergeTablesOfContents">
Merging conceptual and additional tables of contents...
    Last step completed in 00:00:00.0000
</buildStep>
<buildStep step="GenerateIntermediateTableOfContents">
Generating intermediate table of contents file...
[C:\Windows\Microsoft.NET\Framework64\v4.0.30319\MSBuild.exe]
Џ&#174;бва&#174;Ґ&#173;ЁҐ &#173;&#160;з&#160;в&#174; 23.12.2014 8:40:05.
Џа&#174;ҐЄв &quot;C:\Users\kb81.VENTS\Documents\Visual Studio 2012\Projects\MakeDxfTaskAddin\MakeDxfTaskAddin\bin\Debug\Help\Working\GenerateIntermediateTOC.proj&quot; ў г&#167;&#171;Ґ 1 (жҐ&#171;ҐўлҐ &#174;ЎкҐЄвл Ї&#174; г&#172;&#174;&#171;з&#160;&#173;Ёо).
GenerateIntermediateTOC:
  XslTransform (v2014.5.31.0)
  Copyright c 2006-2014, Microsoft Corporation, All Rights Reserved.
  Portions Copyright c 2006-2014, Eric Woodruff, All Rights Reserved.
  Applying XSL transformation &#39;C:\Program Files (x86)\EWSoftware\Sandcastle Help File Builder\\ProductionTransforms\CreateVSToc.xsl&#39;.
Џ&#174;бва&#174;Ґ&#173;ЁҐ Їа&#174;ҐЄв&#160; &quot;C:\Users\kb81.VENTS\Documents\Visual Studio 2012\Projects\MakeDxfTaskAddin\MakeDxfTaskAddin\bin\Debug\Help\Working\GenerateIntermediateTOC.proj&quot; &#167;&#160;ўҐаиҐ&#173;&#174; (жҐ&#171;ҐўлҐ &#174;ЎкҐЄвл Ї&#174; г&#172;&#174;&#171;з&#160;&#173;Ёо).

Џ&#174;бва&#174;Ґ&#173;ЁҐ гбЇҐи&#173;&#174; &#167;&#160;ўҐаиҐ&#173;&#174;.

‡&#160;ва&#160;зҐ&#173;&#173;&#174;Ґ ўаҐ&#172;п: 00:00:00.12
Generating conceptual content intermediate TOC file...
    Last step completed in 00:00:00.1840
</buildStep>
<buildStep step="CreateBuildAssemblerConfigs">
Creating Sandcastle configuration files...
    sandcastle.config
    Last step completed in 00:00:00.0710
</buildStep>
<buildStep step="MergeCustomConfigs">
Merging custom build component configurations
C:\Users\kb81.VENTS\Documents\Visual Studio 2012\Projects\MakeDxfTaskAddin\MakeDxfTaskAddin\bin\Debug\Help\Working\sandcastle.config
    Added configuration for &#39;IntelliSense Component&#39; after &#39;Show Missing Documentation Component&#39; (instance 1)
    Last step completed in 00:00:00.0260
</buildStep>
<buildStep step="BuildReferenceTopics">
Building reference help topics...
[C:\Windows\Microsoft.NET\Framework64\v4.0.30319\MSBuild.exe]
Џ&#174;бва&#174;Ґ&#173;ЁҐ &#173;&#160;з&#160;в&#174; 23.12.2014 8:40:05.
Џа&#174;ҐЄв &quot;C:\Users\kb81.VENTS\Documents\Visual Studio 2012\Projects\MakeDxfTaskAddin\MakeDxfTaskAddin\bin\Debug\Help\Working\BuildReferenceTopics.proj&quot; ў г&#167;&#171;Ґ 1 (жҐ&#171;ҐўлҐ &#174;ЎкҐЄвл Ї&#174; г&#172;&#174;&#171;з&#160;&#173;Ёо).
BuildReferenceTopics:
  BuildAssembler (v2014.5.31.0)
  Copyright c 2006-2014, Microsoft Corporation, All Rights Reserved.
  Portions Copyright c 2006-2014, Eric Woodruff, All Rights Reserved.
  Loading configuration...
  ResolveReferenceLinksComponent: The MSDN content ID cache &#39;C:\Users\kb81.VENTS\AppData\Local\EWSoftware\Sandcastle Help File Builder\Cache\MsdnContentId.cache&#39; does not exist yet.  All IDs will be looked up in this build which will slow it down.
  Processing topics...
BuildAssembler : warning : ShowMissingComponent: [N:ExportDataAddin] Missing &lt;summary&gt; documentation [C:\Users\kb81.VENTS\Documents\Visual Studio 2012\Projects\MakeDxfTaskAddin\MakeDxfTaskAddin\bin\Debug\Help\Working\BuildReferenceTopics.proj]
BuildAssembler : warning : ResolveReferenceLinksComponent: [T:ExportDataAddin.ExportSwData] MSDN web service failed.  No further look ups will be performed for this build. [C:\Users\kb81.VENTS\Documents\Visual Studio 2012\Projects\MakeDxfTaskAddin\MakeDxfTaskAddin\bin\Debug\Help\Working\BuildReferenceTopics.proj]
BuildAssembler : warning : Reason: ‘Ў&#174;&#169; &#167;&#160;Їа&#174;б&#160; б б&#174;бв&#174;п&#173;ЁҐ&#172; HTTP 407: Proxy Authentication Required ( ISA Server N?N??з?+N??зN? ?ш??N???N????ъ?шN????? ???&gt;N? ??N??????&gt;???з????N? ???ш?????????? ?ъ?ш??N???N??ш. ??N????ш?ъ?ш???? ?? ????N?N?N????з ?? N????&gt;N?N?N?N? ???з?+-??N?????N???.  ). [C:\Users\kb81.VENTS\Documents\Visual Studio 2012\Projects\MakeDxfTaskAddin\MakeDxfTaskAddin\bin\Debug\Help\Working\BuildReferenceTopics.proj]
BuildAssembler : warning : ResolveReferenceLinksComponent: [M:ExportDataAddin.ExportSwData.GetAddInInfo(EdmLib.EdmAddInInfo@,EdmLib.IEdmVault5,EdmLib.IEdmCmdMgr5)] Unknown reference link target &#39;T:EdmLib.EdmAddInInfo&#39;. [C:\Users\kb81.VENTS\Documents\Visual Studio 2012\Projects\MakeDxfTaskAddin\MakeDxfTaskAddin\bin\Debug\Help\Working\BuildReferenceTopics.proj]
BuildAssembler : warning : ResolveReferenceLinksComponent: [M:ExportDataAddin.ExportSwData.GetAddInInfo(EdmLib.EdmAddInInfo@,EdmLib.IEdmVault5,EdmLib.IEdmCmdMgr5)] Unknown reference link target &#39;T:EdmLib.IEdmVault5&#39;. [C:\Users\kb81.VENTS\Documents\Visual Studio 2012\Projects\MakeDxfTaskAddin\MakeDxfTaskAddin\bin\Debug\Help\Working\BuildReferenceTopics.proj]
BuildAssembler : warning : ResolveReferenceLinksComponent: [M:ExportDataAddin.ExportSwData.GetAddInInfo(EdmLib.EdmAddInInfo@,EdmLib.IEdmVault5,EdmLib.IEdmCmdMgr5)] Unknown reference link target &#39;T:EdmLib.IEdmCmdMgr5&#39;. [C:\Users\kb81.VENTS\Documents\Visual Studio 2012\Projects\MakeDxfTaskAddin\MakeDxfTaskAddin\bin\Debug\Help\Working\BuildReferenceTopics.proj]
BuildAssembler : warning : ResolveReferenceLinksComponent: [M:ExportDataAddin.ExportSwData.GetAddInInfo(EdmLib.EdmAddInInfo@,EdmLib.IEdmVault5,EdmLib.IEdmCmdMgr5)] Unknown reference link target &#39;M:EdmLib.IEdmAddIn5.GetAddInInfo(EdmLib.EdmAddInInfo@,EdmLib.IEdmVault5,EdmLib.IEdmCmdMgr5)&#39;. [C:\Users\kb81.VENTS\Documents\Visual Studio 2012\Projects\MakeDxfTaskAddin\MakeDxfTaskAddin\bin\Debug\Help\Working\BuildReferenceTopics.proj]
BuildAssembler : warning : ResolveReferenceLinksComponent: [M:ExportDataAddin.ExportSwData.OnCmd(EdmLib.EdmCmd@,System.Array@)] Unknown reference link target &#39;T:EdmLib.EdmCmd&#39;. [C:\Users\kb81.VENTS\Documents\Visual Studio 2012\Projects\MakeDxfTaskAddin\MakeDxfTaskAddin\bin\Debug\Help\Working\BuildReferenceTopics.proj]
BuildAssembler : warning : ResolveReferenceLinksComponent: [M:ExportDataAddin.ExportSwData.OnCmd(EdmLib.EdmCmd@,System.Array@)] Unknown reference link target &#39;M:EdmLib.IEdmAddIn5.OnCmd(EdmLib.EdmCmd@,System.Array@)&#39;. [C:\Users\kb81.VENTS\Documents\Visual Studio 2012\Projects\MakeDxfTaskAddin\MakeDxfTaskAddin\bin\Debug\Help\Working\BuildReferenceTopics.proj]
BuildAssembler : warning : ShowMissingComponent: [N:MakeDxfUpdatePartData] Missing &lt;summary&gt; documentation [C:\Users\kb81.VENTS\Documents\Visual Studio 2012\Projects\MakeDxfTaskAddin\MakeDxfTaskAddin\bin\Debug\Help\Working\BuildReferenceTopics.proj]
BuildAssembler : warning : ShowMissingComponent: [M:MakeDxfUpdatePartData.MakeDxfExportPartDataClass.SearchDoc(System.String,MakeDxfUpdatePartData.MakeDxfExportPartDataClass.SwDocType)] Missing &lt;returns&gt; documentation [C:\Users\kb81.VENTS\Documents\Visual Studio 2012\Projects\MakeDxfTaskAddin\MakeDxfTaskAddin\bin\Debug\Help\Working\BuildReferenceTopics.proj]
  Processed 19 topic(s)
  10 warning(s)
  CopyFromIndexComponent: &quot;reflection&quot; in-memory cache entries used: 2 of 15.
  CopyFromIndexComponent: &quot;comments&quot; in-memory cache entries used: 2 of 30.
Џ&#174;бва&#174;Ґ&#173;ЁҐ Їа&#174;ҐЄв&#160; &quot;C:\Users\kb81.VENTS\Documents\Visual Studio 2012\Projects\MakeDxfTaskAddin\MakeDxfTaskAddin\bin\Debug\Help\Working\BuildReferenceTopics.proj&quot; &#167;&#160;ўҐаиҐ&#173;&#174; (жҐ&#171;ҐўлҐ &#174;ЎкҐЄвл Ї&#174; г&#172;&#174;&#171;з&#160;&#173;Ёо).

Џ&#174;бва&#174;Ґ&#173;ЁҐ гбЇҐи&#173;&#174; &#167;&#160;ўҐаиҐ&#173;&#174;.

‡&#160;ва&#160;зҐ&#173;&#173;&#174;Ґ ўаҐ&#172;п: 00:00:06.67
    Last step completed in 00:00:06.7670
</buildStep>
<buildStep step="CombiningIntermediateTocFiles">
Combining conceptual and API intermediate TOC files...
    Last step completed in 00:00:00.0020
</buildStep>
<buildStep step="ExtractingHtmlInfo">
Extracting HTML info for HTML Help 1 and/or website...
[C:\Windows\Microsoft.NET\Framework64\v4.0.30319\MSBuild.exe]
Sandcastle Help File Builder, version 2014.5.31.0
Copyright c 2006-2014, Eric Woodruff, All Rights Reserved
E-Mail: Eric@EWoodruff.us

Using LCID &#39;1033&#39;, code page &#39;65001&#39;, encoding charset &#39;UTF-8&#39;.

Processing Help 1 files in C:\Users\kb81.VENTS\Documents\Visual Studio 2012\Projects\MakeDxfTaskAddin\MakeDxfTaskAddin\bin\Debug\Help\Working\Output\HtmlHelp1
Processed 19 HTML files
Sorting keywords and generating See Also indices
Saving HTML Help 1 keyword index to C:\Users\kb81.VENTS\Documents\Visual Studio 2012\Projects\MakeDxfTaskAddin\MakeDxfTaskAddin\bin\Debug\Help\Working\Documentation.hhk
Saving HTML Help 1 table of contents to C:\Users\kb81.VENTS\Documents\Visual Studio 2012\Projects\MakeDxfTaskAddin\MakeDxfTaskAddin\bin\Debug\Help\Working\Documentation.hhc
    Last step completed in 00:00:00.1760
</buildStep>
<buildStep step="CopyStandardHelpContent">
Copying standard help content...
C:\Program Files (x86)\EWSoftware\Sandcastle Help File Builder\PresentationStyles\VS2013\icons\AlertCaution.png -&gt; C:\Users\kb81.VENTS\Documents\Visual Studio 2012\Projects\MakeDxfTaskAddin\MakeDxfTaskAddin\bin\Debug\Help\Working\Output\HtmlHelp1\icons\AlertCaution.png
C:\Program Files (x86)\EWSoftware\Sandcastle Help File Builder\PresentationStyles\VS2013\icons\AlertNote.png -&gt; C:\Users\kb81.VENTS\Documents\Visual Studio 2012\Projects\MakeDxfTaskAddin\MakeDxfTaskAddin\bin\Debug\Help\Working\Output\HtmlHelp1\icons\AlertNote.png
C:\Program Files (x86)\EWSoftware\Sandcastle Help File Builder\PresentationStyles\VS2013\icons\AlertSecurity.png -&gt; C:\Users\kb81.VENTS\Documents\Visual Studio 2012\Projects\MakeDxfTaskAddin\MakeDxfTaskAddin\bin\Debug\Help\Working\Output\HtmlHelp1\icons\AlertSecurity.png
C:\Program Files (x86)\EWSoftware\Sandcastle Help File Builder\PresentationStyles\VS2013\icons\CFW.gif -&gt; C:\Users\kb81.VENTS\Documents\Visual Studio 2012\Projects\MakeDxfTaskAddin\MakeDxfTaskAddin\bin\Debug\Help\Working\Output\HtmlHelp1\icons\CFW.gif
C:\Program Files (x86)\EWSoftware\Sandcastle Help File Builder\PresentationStyles\VS2013\icons\CodeExample.png -&gt; C:\Users\kb81.VENTS\Documents\Visual Studio 2012\Projects\MakeDxfTaskAddin\MakeDxfTaskAddin\bin\Debug\Help\Working\Output\HtmlHelp1\icons\CodeExample.png
C:\Program Files (x86)\EWSoftware\Sandcastle Help File Builder\PresentationStyles\VS2013\icons\favicon.ico -&gt; C:\Users\kb81.VENTS\Documents\Visual Studio 2012\Projects\MakeDxfTaskAddin\MakeDxfTaskAddin\bin\Debug\Help\Working\Output\HtmlHelp1\icons\favicon.ico
C:\Program Files (x86)\EWSoftware\Sandcastle Help File Builder\PresentationStyles\VS2013\icons\privclass.gif -&gt; C:\Users\kb81.VENTS\Documents\Visual Studio 2012\Projects\MakeDxfTaskAddin\MakeDxfTaskAddin\bin\Debug\Help\Working\Output\HtmlHelp1\icons\privclass.gif
C:\Program Files (x86)\EWSoftware\Sandcastle Help File Builder\PresentationStyles\VS2013\icons\privdelegate.gif -&gt; C:\Users\kb81.VENTS\Documents\Visual Studio 2012\Projects\MakeDxfTaskAddin\MakeDxfTaskAddin\bin\Debug\Help\Working\Output\HtmlHelp1\icons\privdelegate.gif
C:\Program Files (x86)\EWSoftware\Sandcastle Help File Builder\PresentationStyles\VS2013\icons\privenumeration.gif -&gt; C:\Users\kb81.VENTS\Documents\Visual Studio 2012\Projects\MakeDxfTaskAddin\MakeDxfTaskAddin\bin\Debug\Help\Working\Output\HtmlHelp1\icons\privenumeration.gif
C:\Program Files (x86)\EWSoftware\Sandcastle Help File Builder\PresentationStyles\VS2013\icons\privevent.gif -&gt; C:\Users\kb81.VENTS\Documents\Visual Studio 2012\Projects\MakeDxfTaskAddin\MakeDxfTaskAddin\bin\Debug\Help\Working\Output\HtmlHelp1\icons\privevent.gif
C:\Program Files (x86)\EWSoftware\Sandcastle Help File Builder\PresentationStyles\VS2013\icons\privextension.gif -&gt; C:\Users\kb81.VENTS\Documents\Visual Studio 2012\Projects\MakeDxfTaskAddin\MakeDxfTaskAddin\bin\Debug\Help\Working\Output\HtmlHelp1\icons\privextension.gif
C:\Program Files (x86)\EWSoftware\Sandcastle Help File Builder\PresentationStyles\VS2013\icons\privfield.gif -&gt; C:\Users\kb81.VENTS\Documents\Visual Studio 2012\Projects\MakeDxfTaskAddin\MakeDxfTaskAddin\bin\Debug\Help\Working\Output\HtmlHelp1\icons\privfield.gif
C:\Program Files (x86)\EWSoftware\Sandcastle Help File Builder\PresentationStyles\VS2013\icons\privinterface.gif -&gt; C:\Users\kb81.VENTS\Documents\Visual Studio 2012\Projects\MakeDxfTaskAddin\MakeDxfTaskAddin\bin\Debug\Help\Working\Output\HtmlHelp1\icons\privinterface.gif
C:\Program Files (x86)\EWSoftware\Sandcastle Help File Builder\PresentationStyles\VS2013\icons\privmethod.gif -&gt; C:\Users\kb81.VENTS\Documents\Visual Studio 2012\Projects\MakeDxfTaskAddin\MakeDxfTaskAddin\bin\Debug\Help\Working\Output\HtmlHelp1\icons\privmethod.gif
C:\Program Files (x86)\EWSoftware\Sandcastle Help File Builder\PresentationStyles\VS2013\icons\privproperty.gif -&gt; C:\Users\kb81.VENTS\Documents\Visual Studio 2012\Projects\MakeDxfTaskAddin\MakeDxfTaskAddin\bin\Debug\Help\Working\Output\HtmlHelp1\icons\privproperty.gif
C:\Program Files (x86)\EWSoftware\Sandcastle Help File Builder\PresentationStyles\VS2013\icons\privstructure.gif -&gt; C:\Users\kb81.VENTS\Documents\Visual Studio 2012\Projects\MakeDxfTaskAddin\MakeDxfTaskAddin\bin\Debug\Help\Working\Output\HtmlHelp1\icons\privstructure.gif
C:\Program Files (x86)\EWSoftware\Sandcastle Help File Builder\PresentationStyles\VS2013\icons\protclass.gif -&gt; C:\Users\kb81.VENTS\Documents\Visual Studio 2012\Projects\MakeDxfTaskAddin\MakeDxfTaskAddin\bin\Debug\Help\Working\Output\HtmlHelp1\icons\protclass.gif
C:\Program Files (x86)\EWSoftware\Sandcastle Help File Builder\PresentationStyles\VS2013\icons\protdelegate.gif -&gt; C:\Users\kb81.VENTS\Documents\Visual Studio 2012\Projects\MakeDxfTaskAddin\MakeDxfTaskAddin\bin\Debug\Help\Working\Output\HtmlHelp1\icons\protdelegate.gif
C:\Program Files (x86)\EWSoftware\Sandcastle Help File Builder\PresentationStyles\VS2013\icons\protenumeration.gif -&gt; C:\Users\kb81.VENTS\Documents\Visual Studio 2012\Projects\MakeDxfTaskAddin\MakeDxfTaskAddin\bin\Debug\Help\Working\Output\HtmlHelp1\icons\protenumeration.gif
C:\Program Files (x86)\EWSoftware\Sandcastle Help File Builder\PresentationStyles\VS2013\icons\protevent.gif -&gt; C:\Users\kb81.VENTS\Documents\Visual Studio 2012\Projects\MakeDxfTaskAddin\MakeDxfTaskAddin\bin\Debug\Help\Working\Output\HtmlHelp1\icons\protevent.gif
C:\Program Files (x86)\EWSoftware\Sandcastle Help File Builder\PresentationStyles\VS2013\icons\protextension.gif -&gt; C:\Users\kb81.VENTS\Documents\Visual Studio 2012\Projects\MakeDxfTaskAddin\MakeDxfTaskAddin\bin\Debug\Help\Working\Output\HtmlHelp1\icons\protextension.gif
C:\Program Files (x86)\EWSoftware\Sandcastle Help File Builder\PresentationStyles\VS2013\icons\protfield.gif -&gt; C:\Users\kb81.VENTS\Documents\Visual Studio 2012\Projects\MakeDxfTaskAddin\MakeDxfTaskAddin\bin\Debug\Help\Working\Output\HtmlHelp1\icons\protfield.gif
C:\Program Files (x86)\EWSoftware\Sandcastle Help File Builder\PresentationStyles\VS2013\icons\protinterface.gif -&gt; C:\Users\kb81.VENTS\Documents\Visual Studio 2012\Projects\MakeDxfTaskAddin\MakeDxfTaskAddin\bin\Debug\Help\Working\Output\HtmlHelp1\icons\protinterface.gif
C:\Program Files (x86)\EWSoftware\Sandcastle Help File Builder\PresentationStyles\VS2013\icons\protmethod.gif -&gt; C:\Users\kb81.VENTS\Documents\Visual Studio 2012\Projects\MakeDxfTaskAddin\MakeDxfTaskAddin\bin\Debug\Help\Working\Output\HtmlHelp1\icons\protmethod.gif
C:\Program Files (x86)\EWSoftware\Sandcastle Help File Builder\PresentationStyles\VS2013\icons\protoperator.gif -&gt; C:\Users\kb81.VENTS\Documents\Visual Studio 2012\Projects\MakeDxfTaskAddin\MakeDxfTaskAddin\bin\Debug\Help\Working\Output\HtmlHelp1\icons\protoperator.gif
C:\Program Files (x86)\EWSoftware\Sandcastle Help File Builder\PresentationStyles\VS2013\icons\protproperty.gif -&gt; C:\Users\kb81.VENTS\Documents\Visual Studio 2012\Projects\MakeDxfTaskAddin\MakeDxfTaskAddin\bin\Debug\Help\Working\Output\HtmlHelp1\icons\protproperty.gif
C:\Program Files (x86)\EWSoftware\Sandcastle Help File Builder\PresentationStyles\VS2013\icons\protstructure.gif -&gt; C:\Users\kb81.VENTS\Documents\Visual Studio 2012\Projects\MakeDxfTaskAddin\MakeDxfTaskAddin\bin\Debug\Help\Working\Output\HtmlHelp1\icons\protstructure.gif
C:\Program Files (x86)\EWSoftware\Sandcastle Help File Builder\PresentationStyles\VS2013\icons\pubclass.gif -&gt; C:\Users\kb81.VENTS\Documents\Visual Studio 2012\Projects\MakeDxfTaskAddin\MakeDxfTaskAddin\bin\Debug\Help\Working\Output\HtmlHelp1\icons\pubclass.gif
C:\Program Files (x86)\EWSoftware\Sandcastle Help File Builder\PresentationStyles\VS2013\icons\pubdelegate.gif -&gt; C:\Users\kb81.VENTS\Documents\Visual Studio 2012\Projects\MakeDxfTaskAddin\MakeDxfTaskAddin\bin\Debug\Help\Working\Output\HtmlHelp1\icons\pubdelegate.gif
C:\Program Files (x86)\EWSoftware\Sandcastle Help File Builder\PresentationStyles\VS2013\icons\pubenumeration.gif -&gt; C:\Users\kb81.VENTS\Documents\Visual Studio 2012\Projects\MakeDxfTaskAddin\MakeDxfTaskAddin\bin\Debug\Help\Working\Output\HtmlHelp1\icons\pubenumeration.gif
C:\Program Files (x86)\EWSoftware\Sandcastle Help File Builder\PresentationStyles\VS2013\icons\pubevent.gif -&gt; C:\Users\kb81.VENTS\Documents\Visual Studio 2012\Projects\MakeDxfTaskAddin\MakeDxfTaskAddin\bin\Debug\Help\Working\Output\HtmlHelp1\icons\pubevent.gif
C:\Program Files (x86)\EWSoftware\Sandcastle Help File Builder\PresentationStyles\VS2013\icons\pubextension.gif -&gt; C:\Users\kb81.VENTS\Documents\Visual Studio 2012\Projects\MakeDxfTaskAddin\MakeDxfTaskAddin\bin\Debug\Help\Working\Output\HtmlHelp1\icons\pubextension.gif
C:\Program Files (x86)\EWSoftware\Sandcastle Help File Builder\PresentationStyles\VS2013\icons\pubfield.gif -&gt; C:\Users\kb81.VENTS\Documents\Visual Studio 2012\Projects\MakeDxfTaskAddin\MakeDxfTaskAddin\bin\Debug\Help\Working\Output\HtmlHelp1\icons\pubfield.gif
C:\Program Files (x86)\EWSoftware\Sandcastle Help File Builder\PresentationStyles\VS2013\icons\pubinterface.gif -&gt; C:\Users\kb81.VENTS\Documents\Visual Studio 2012\Projects\MakeDxfTaskAddin\MakeDxfTaskAddin\bin\Debug\Help\Working\Output\HtmlHelp1\icons\pubinterface.gif
C:\Program Files (x86)\EWSoftware\Sandcastle Help File Builder\PresentationStyles\VS2013\icons\pubmethod.gif -&gt; C:\Users\kb81.VENTS\Documents\Visual Studio 2012\Projects\MakeDxfTaskAddin\MakeDxfTaskAddin\bin\Debug\Help\Working\Output\HtmlHelp1\icons\pubmethod.gif
C:\Program Files (x86)\EWSoftware\Sandcastle Help File Builder\PresentationStyles\VS2013\icons\puboperator.gif -&gt; C:\Users\kb81.VENTS\Documents\Visual Studio 2012\Projects\MakeDxfTaskAddin\MakeDxfTaskAddin\bin\Debug\Help\Working\Output\HtmlHelp1\icons\puboperator.gif
C:\Program Files (x86)\EWSoftware\Sandcastle Help File Builder\PresentationStyles\VS2013\icons\pubproperty.gif -&gt; C:\Users\kb81.VENTS\Documents\Visual Studio 2012\Projects\MakeDxfTaskAddin\MakeDxfTaskAddin\bin\Debug\Help\Working\Output\HtmlHelp1\icons\pubproperty.gif
C:\Program Files (x86)\EWSoftware\Sandcastle Help File Builder\PresentationStyles\VS2013\icons\pubstructure.gif -&gt; C:\Users\kb81.VENTS\Documents\Visual Studio 2012\Projects\MakeDxfTaskAddin\MakeDxfTaskAddin\bin\Debug\Help\Working\Output\HtmlHelp1\icons\pubstructure.gif
C:\Program Files (x86)\EWSoftware\Sandcastle Help File Builder\PresentationStyles\VS2013\icons\SectionCollapsed.png -&gt; C:\Users\kb81.VENTS\Documents\Visual Studio 2012\Projects\MakeDxfTaskAddin\MakeDxfTaskAddin\bin\Debug\Help\Working\Output\HtmlHelp1\icons\SectionCollapsed.png
C:\Program Files (x86)\EWSoftware\Sandcastle Help File Builder\PresentationStyles\VS2013\icons\SectionExpanded.png -&gt; C:\Users\kb81.VENTS\Documents\Visual Studio 2012\Projects\MakeDxfTaskAddin\MakeDxfTaskAddin\bin\Debug\Help\Working\Output\HtmlHelp1\icons\SectionExpanded.png
C:\Program Files (x86)\EWSoftware\Sandcastle Help File Builder\PresentationStyles\VS2013\icons\slMobile.gif -&gt; C:\Users\kb81.VENTS\Documents\Visual Studio 2012\Projects\MakeDxfTaskAddin\MakeDxfTaskAddin\bin\Debug\Help\Working\Output\HtmlHelp1\icons\slMobile.gif
C:\Program Files (x86)\EWSoftware\Sandcastle Help File Builder\PresentationStyles\VS2013\icons\static.gif -&gt; C:\Users\kb81.VENTS\Documents\Visual Studio 2012\Projects\MakeDxfTaskAddin\MakeDxfTaskAddin\bin\Debug\Help\Working\Output\HtmlHelp1\icons\static.gif
C:\Program Files (x86)\EWSoftware\Sandcastle Help File Builder\PresentationStyles\VS2013\icons\xna.gif -&gt; C:\Users\kb81.VENTS\Documents\Visual Studio 2012\Projects\MakeDxfTaskAddin\MakeDxfTaskAddin\bin\Debug\Help\Working\Output\HtmlHelp1\icons\xna.gif
C:\Program Files (x86)\EWSoftware\Sandcastle Help File Builder\PresentationStyles\VS2013\scripts\branding.js -&gt; C:\Users\kb81.VENTS\Documents\Visual Studio 2012\Projects\MakeDxfTaskAddin\MakeDxfTaskAddin\bin\Debug\Help\Working\Output\HtmlHelp1\scripts\branding.js
C:\Program Files (x86)\EWSoftware\Sandcastle Help File Builder\PresentationStyles\VS2013\styles\branding-cs-CZ.css -&gt; C:\Users\kb81.VENTS\Documents\Visual Studio 2012\Projects\MakeDxfTaskAddin\MakeDxfTaskAddin\bin\Debug\Help\Working\Output\HtmlHelp1\styles\branding-cs-CZ.css
C:\Program Files (x86)\EWSoftware\Sandcastle Help File Builder\PresentationStyles\VS2013\styles\branding-de-DE.css -&gt; C:\Users\kb81.VENTS\Documents\Visual Studio 2012\Projects\MakeDxfTaskAddin\MakeDxfTaskAddin\bin\Debug\Help\Working\Output\HtmlHelp1\styles\branding-de-DE.css
C:\Program Files (x86)\EWSoftware\Sandcastle Help File Builder\PresentationStyles\VS2013\styles\branding-en-US.css -&gt; C:\Users\kb81.VENTS\Documents\Visual Studio 2012\Projects\MakeDxfTaskAddin\MakeDxfTaskAddin\bin\Debug\Help\Working\Output\HtmlHelp1\styles\branding-en-US.css
C:\Program Files (x86)\EWSoftware\Sandcastle Help File Builder\PresentationStyles\VS2013\styles\branding-es-ES.css -&gt; C:\Users\kb81.VENTS\Documents\Visual Studio 2012\Projects\MakeDxfTaskAddin\MakeDxfTaskAddin\bin\Debug\Help\Working\Output\HtmlHelp1\styles\branding-es-ES.css
C:\Program Files (x86)\EWSoftware\Sandcastle Help File Builder\PresentationStyles\VS2013\styles\branding-fr-FR.css -&gt; C:\Users\kb81.VENTS\Documents\Visual Studio 2012\Projects\MakeDxfTaskAddin\MakeDxfTaskAddin\bin\Debug\Help\Working\Output\HtmlHelp1\styles\branding-fr-FR.css
C:\Program Files (x86)\EWSoftware\Sandcastle Help File Builder\PresentationStyles\VS2013\styles\branding-Help1.css -&gt; C:\Users\kb81.VENTS\Documents\Visual Studio 2012\Projects\MakeDxfTaskAddin\MakeDxfTaskAddin\bin\Debug\Help\Working\Output\HtmlHelp1\styles\branding-Help1.css
C:\Program Files (x86)\EWSoftware\Sandcastle Help File Builder\PresentationStyles\VS2013\styles\branding-Help2.css -&gt; C:\Users\kb81.VENTS\Documents\Visual Studio 2012\Projects\MakeDxfTaskAddin\MakeDxfTaskAddin\bin\Debug\Help\Working\Output\HtmlHelp1\styles\branding-Help2.css
C:\Program Files (x86)\EWSoftware\Sandcastle Help File Builder\PresentationStyles\VS2013\styles\branding-HelpViewer.css -&gt; C:\Users\kb81.VENTS\Documents\Visual Studio 2012\Projects\MakeDxfTaskAddin\MakeDxfTaskAddin\bin\Debug\Help\Working\Output\HtmlHelp1\styles\branding-HelpViewer.css
C:\Program Files (x86)\EWSoftware\Sandcastle Help File Builder\PresentationStyles\VS2013\styles\branding-it-IT.css -&gt; C:\Users\kb81.VENTS\Documents\Visual Studio 2012\Projects\MakeDxfTaskAddin\MakeDxfTaskAddin\bin\Debug\Help\Working\Output\HtmlHelp1\styles\branding-it-IT.css
C:\Program Files (x86)\EWSoftware\Sandcastle Help File Builder\PresentationStyles\VS2013\styles\branding-ja-JP.css -&gt; C:\Users\kb81.VENTS\Documents\Visual Studio 2012\Projects\MakeDxfTaskAddin\MakeDxfTaskAddin\bin\Debug\Help\Working\Output\HtmlHelp1\styles\branding-ja-JP.css
C:\Program Files (x86)\EWSoftware\Sandcastle Help File Builder\PresentationStyles\VS2013\styles\branding-ko-KR.css -&gt; C:\Users\kb81.VENTS\Documents\Visual Studio 2012\Projects\MakeDxfTaskAddin\MakeDxfTaskAddin\bin\Debug\Help\Working\Output\HtmlHelp1\styles\branding-ko-KR.css
C:\Program Files (x86)\EWSoftware\Sandcastle Help File Builder\PresentationStyles\VS2013\styles\branding-pl-PL.css -&gt; C:\Users\kb81.VENTS\Documents\Visual Studio 2012\Projects\MakeDxfTaskAddin\MakeDxfTaskAddin\bin\Debug\Help\Working\Output\HtmlHelp1\styles\branding-pl-PL.css
C:\Program Files (x86)\EWSoftware\Sandcastle Help File Builder\PresentationStyles\VS2013\styles\branding-pt-BR.css -&gt; C:\Users\kb81.VENTS\Documents\Visual Studio 2012\Projects\MakeDxfTaskAddin\MakeDxfTaskAddin\bin\Debug\Help\Working\Output\HtmlHelp1\styles\branding-pt-BR.css
C:\Program Files (x86)\EWSoftware\Sandcastle Help File Builder\PresentationStyles\VS2013\styles\branding-ru-RU.css -&gt; C:\Users\kb81.VENTS\Documents\Visual Studio 2012\Projects\MakeDxfTaskAddin\MakeDxfTaskAddin\bin\Debug\Help\Working\Output\HtmlHelp1\styles\branding-ru-RU.css
C:\Program Files (x86)\EWSoftware\Sandcastle Help File Builder\PresentationStyles\VS2013\styles\branding-tr-TR.css -&gt; C:\Users\kb81.VENTS\Documents\Visual Studio 2012\Projects\MakeDxfTaskAddin\MakeDxfTaskAddin\bin\Debug\Help\Working\Output\HtmlHelp1\styles\branding-tr-TR.css
C:\Program Files (x86)\EWSoftware\Sandcastle Help File Builder\PresentationStyles\VS2013\styles\branding-Website.css -&gt; C:\Users\kb81.VENTS\Documents\Visual Studio 2012\Projects\MakeDxfTaskAddin\MakeDxfTaskAddin\bin\Debug\Help\Working\Output\HtmlHelp1\styles\branding-Website.css
C:\Program Files (x86)\EWSoftware\Sandcastle Help File Builder\PresentationStyles\VS2013\styles\branding-zh-CN.css -&gt; C:\Users\kb81.VENTS\Documents\Visual Studio 2012\Projects\MakeDxfTaskAddin\MakeDxfTaskAddin\bin\Debug\Help\Working\Output\HtmlHelp1\styles\branding-zh-CN.css
C:\Program Files (x86)\EWSoftware\Sandcastle Help File Builder\PresentationStyles\VS2013\styles\branding-zh-TW.css -&gt; C:\Users\kb81.VENTS\Documents\Visual Studio 2012\Projects\MakeDxfTaskAddin\MakeDxfTaskAddin\bin\Debug\Help\Working\Output\HtmlHelp1\styles\branding-zh-TW.css
C:\Program Files (x86)\EWSoftware\Sandcastle Help File Builder\PresentationStyles\VS2013\styles\branding.css -&gt; C:\Users\kb81.VENTS\Documents\Visual Studio 2012\Projects\MakeDxfTaskAddin\MakeDxfTaskAddin\bin\Debug\Help\Working\Output\HtmlHelp1\styles\branding.css
    Last step completed in 00:00:00.1670
</buildStep>
<buildStep step="GenerateHelpFormatTableOfContents">
Generating HTML Help 1 table of contents file...
    Last step completed in 00:00:00.0010
</buildStep>
<buildStep step="GenerateHelpFileIndex">
Generating HTML Help 1 index file...
    Last step completed in 00:00:00.0010
</buildStep>
<buildStep step="GenerateHelpProject">
Generating HTML Help 1 project file...
    Last step completed in 00:00:00.0030
</buildStep>
<buildStep step="CompilingHelpFile">
Compiling HTML Help 1 file...
[C:\Windows\Microsoft.NET\Framework64\v4.0.30319\MSBuild.exe]
  Microsoft HTML Help Compiler 4.74.8702
  
  
  
  Compiling c:\Users\kb81.VENTS\Documents\Visual Studio 2012\Projects\MakeDxfTaskAddin\MakeDxfTaskAddin\bin\Debug\Help\Working\Output\HtmlHelp1\Documentation.chm
  
  
  
  
  
  Compile time: 0 minutes, 0 seconds
  
  21	Topics
  
  188	Local links
  
  0	Internet links
  
  0	Graphics
  
  
  
  
  
  Created c:\Users\kb81.VENTS\Documents\Visual Studio 2012\Projects\MakeDxfTaskAddin\MakeDxfTaskAddin\bin\Debug\Help\Working\Output\HtmlHelp1\Documentation.chm, 66,325 bytes
  
  Compression decreased file by 157,047 bytes.
  
    Last step completed in 00:00:00.3800
</buildStep>
<buildStep step="CleanIntermediates">
Removing intermediate files...
    Last step completed in 00:00:00.0560
</buildStep>
<buildStep step="Completed">

Build completed successfully at 12.23.2014 08:40 .  Total time: 00:00:09,5929

</buildStep>
</shfbBuild>
